valid/advanced
--Test: binarySortTree.wacc

-- Compiling...
-- Assembling and Linking...
-- Executing...
===========================================================
Please enter the number of integers to insert: There are 5 integers.
Please enter the number at position 1 : Please enter the number at position 2 : Please enter the number at position 3 : Please enter the number at position 4 : Please enter the number at position 5 : Here are the numbers sorted: -3 2 4 6 100 
===========================================================
The exit code is 0.
-- Finished

--Test: hashTable.wacc

-- Compiling...
-- Assembling and Linking...
-- Executing...
===========================================================
===========================================
========== Hash Table Program =============
===========================================
=                                         =
= Please choose the following options:    =
=                                         =
= a: insert an integer                    =
= b: find an integer                      =
= c: count the integers                   =
= d: print all integers                   =
= e: remove an integer                    =
= f: remove all integers                  =
= g: exit                                 =
=                                         =
===========================================
Your decision: Please enter an integer to insert: You have entered: 5
Successfully insert it. The integer is new.
===========================================
========== Hash Table Program =============
===========================================
=                                         =
= Please choose the following options:    =
=                                         =
= a: insert an integer                    =
= b: find an integer                      =
= c: count the integers                   =
= d: print all integers                   =
= e: remove an integer                    =
= f: remove all integers                  =
= g: exit                                 =
=                                         =
===========================================
Your decision: Please enter an integer to insert: You have entered: 5
The integer is already there. No insertion is made.
===========================================
========== Hash Table Program =============
===========================================
=                                         =
= Please choose the following options:    =
=                                         =
= a: insert an integer                    =
= b: find an integer                      =
= c: count the integers                   =
= d: print all integers                   =
= e: remove an integer                    =
= f: remove all integers                  =
= g: exit                                 =
=                                         =
===========================================
Your decision: Please enter an integer to insert: You have entered: 7
Successfully insert it. The integer is new.
===========================================
========== Hash Table Program =============
===========================================
=                                         =
= Please choose the following options:    =
=                                         =
= a: insert an integer                    =
= b: find an integer                      =
= c: count the integers                   =
= d: print all integers                   =
= e: remove an integer                    =
= f: remove all integers                  =
= g: exit                                 =
=                                         =
===========================================
Your decision: Please enter an integer to find: You have entered: 5
Find the integer.
===========================================
========== Hash Table Program =============
===========================================
=                                         =
= Please choose the following options:    =
=                                         =
= a: insert an integer                    =
= b: find an integer                      =
= c: count the integers                   =
= d: print all integers                   =
= e: remove an integer                    =
= f: remove all integers                  =
= g: exit                                 =
=                                         =
===========================================
Your decision: Please enter an integer to find: You have entered: 6
The integer is not found.
===========================================
========== Hash Table Program =============
===========================================
=                                         =
= Please choose the following options:    =
=                                         =
= a: insert an integer                    =
= b: find an integer                      =
= c: count the integers                   =
= d: print all integers                   =
= e: remove an integer                    =
= f: remove all integers                  =
= g: exit                                 =
=                                         =
===========================================
Your decision: There are 2 integers.
===========================================
========== Hash Table Program =============
===========================================
=                                         =
= Please choose the following options:    =
=                                         =
= a: insert an integer                    =
= b: find an integer                      =
= c: count the integers                   =
= d: print all integers                   =
= e: remove an integer                    =
= f: remove all integers                  =
= g: exit                                 =
=                                         =
===========================================
Your decision: Here are the integers: 5 7 
===========================================
========== Hash Table Program =============
===========================================
=                                         =
= Please choose the following options:    =
=                                         =
= a: insert an integer                    =
= b: find an integer                      =
= c: count the integers                   =
= d: print all integers                   =
= e: remove an integer                    =
= f: remove all integers                  =
= g: exit                                 =
=                                         =
===========================================
Your decision: Please enter an integer to remove: You have entered: 5
The integer has been removed.
===========================================
========== Hash Table Program =============
===========================================
=                                         =
= Please choose the following options:    =
=                                         =
= a: insert an integer                    =
= b: find an integer                      =
= c: count the integers                   =
= d: print all integers                   =
= e: remove an integer                    =
= f: remove all integers                  =
= g: exit                                 =
=                                         =
===========================================
Your decision: There is only 1 integer.
===========================================
========== Hash Table Program =============
===========================================
=                                         =
= Please choose the following options:    =
=                                         =
= a: insert an integer                    =
= b: find an integer                      =
= c: count the integers                   =
= d: print all integers                   =
= e: remove an integer                    =
= f: remove all integers                  =
= g: exit                                 =
=                                         =
===========================================
Your decision: Here are the integers: 7 
===========================================
========== Hash Table Program =============
===========================================
=                                         =
= Please choose the following options:    =
=                                         =
= a: insert an integer                    =
= b: find an integer                      =
= c: count the integers                   =
= d: print all integers                   =
= e: remove an integer                    =
= f: remove all integers                  =
= g: exit                                 =
=                                         =
===========================================
Your decision: All integers have been removed.
===========================================
========== Hash Table Program =============
===========================================
=                                         =
= Please choose the following options:    =
=                                         =
= a: insert an integer                    =
= b: find an integer                      =
= c: count the integers                   =
= d: print all integers                   =
= e: remove an integer                    =
= f: remove all integers                  =
= g: exit                                 =
=                                         =
===========================================
Your decision: There are 0 integers.
===========================================
========== Hash Table Program =============
===========================================
=                                         =
= Please choose the following options:    =
=                                         =
= a: insert an integer                    =
= b: find an integer                      =
= c: count the integers                   =
= d: print all integers                   =
= e: remove an integer                    =
= f: remove all integers                  =
= g: exit                                 =
=                                         =
===========================================
Your decision: You have entered: j which is invalid, please try again.
Your decision: Goodbye Human
===========================================================
The exit code is 0.
-- Finished

--Test: ticTacToe.wacc

-- Compiling...
-- Assembling and Linking...
-- Executing...
===========================================================
========= Tic Tac Toe ================
=  Because we know you want to win   =
======================================
=                                    =
= Who would you like to be?          =
=   x  (play first)                  =
=   o  (play second)                 =
=   q  (quit)                        =
=                                    =
======================================
Which symbol you would like to choose: You have chosen: x
Initialising AI. Please wait, this may take a few minutes.
 1 2 3
1 | | 
 -+-+-
2 | | 
 -+-+-
3 | | 

What is your next move?
 row (1-3):  column (1-3): 
AI is cleaning up its memory...
 1 2 3
1 | | 
 -+-+-
2 |x| 
 -+-+-
3 | | 

AI is cleaning up its memory...
The AI played at row 1 column 1
 1 2 3
1o| | 
 -+-+-
2 |x| 
 -+-+-
3 | | 

What is your next move?
 row (1-3):  column (1-3): 
AI is cleaning up its memory...
 1 2 3
1o| | 
 -+-+-
2 |x| 
 -+-+-
3 | |x

AI is cleaning up its memory...
The AI played at row 1 column 3
 1 2 3
1o| |o
 -+-+-
2 |x| 
 -+-+-
3 | |x

What is your next move?
 row (1-3):  column (1-3): 
AI is cleaning up its memory...
 1 2 3
1o|x|o
 -+-+-
2 |x| 
 -+-+-
3 | |x

AI is cleaning up its memory...
The AI played at row 3 column 2
 1 2 3
1o|x|o
 -+-+-
2 |x| 
 -+-+-
3 |o|x

What is your next move?
 row (1-3):  column (1-3): 
AI is cleaning up its memory...
 1 2 3
1o|x|o
 -+-+-
2 |x| 
 -+-+-
3x|o|x

AI is cleaning up its memory...
The AI played at row 2 column 1
 1 2 3
1o|x|o
 -+-+-
2o|x| 
 -+-+-
3x|o|x

What is your next move?
 row (1-3):  column (1-3): 
AI is cleaning up its memory...
 1 2 3
1o|x|o
 -+-+-
2o|x|x
 -+-+-
3x|o|x

Stalemate!
===========================================================
The execution timed out!
-- Finished

