valid/array
--Test: array.wacc

-- Compiling...
-- Assembling and Linking...
-- Executing...
===========================================================
0x22190 = {0, 1, 2, 3, 4, 5, 6, 7, 8, 9}
===========================================================
The exit code is 0.
-- Finished

--Test: arrayBasic.wacc

-- Compiling...
-- Assembling and Linking...
-- Executing...
===========================================================
===========================================================
The exit code is 0.
-- Finished

--Test: arrayEmpty.wacc

-- Compiling...
-- Assembling and Linking...
-- Executing...
===========================================================
===========================================================
The exit code is 0.
-- Finished

--Test: arrayLength.wacc

-- Compiling...
-- Assembling and Linking...
-- Executing...
===========================================================
4
===========================================================
The exit code is 0.
-- Finished

--Test: arrayLookup.wacc

-- Compiling...
-- Assembling and Linking...
-- Executing...
===========================================================
43
===========================================================
The exit code is 0.
-- Finished

--Test: arrayNested.wacc

-- Compiling...
-- Assembling and Linking...
-- Executing...
===========================================================
3
3
===========================================================
The exit code is 0.
-- Finished

--Test: arrayPrint.wacc

-- Compiling...
-- Assembling and Linking...
-- Executing...
===========================================================
0x22190 = {0, 1, 2, 3, 4, 5, 6, 7, 8, 9}
===========================================================
The exit code is 0.
-- Finished

--Test: arraySimple.wacc

-- Compiling...
-- Assembling and Linking...
-- Executing...
===========================================================
42
===========================================================
The exit code is 0.
-- Finished

--Test: modifyString.wacc

-- Compiling...
-- Assembling and Linking...
-- Executing...
===========================================================
hello world!
Hello world!
Hi!
===========================================================
The exit code is 0.
-- Finished

--Test: printRef.wacc

-- Compiling...
-- Assembling and Linking...
-- Executing...
===========================================================
Printing an array variable gives an address, such as 0x23198
===========================================================
The exit code is 0.
-- Finished

