valid/basic/skip
--Test: comment.wacc

-- Compiling...
-- Assembling and Linking...
-- Executing...
===========================================================
===========================================================
The exit code is 0.
-- Finished

--Test: commentInLine.wacc

-- Compiling...
-- Assembling and Linking...
-- Executing...
===========================================================
===========================================================
The exit code is 0.
-- Finished

--Test: skip.wacc

-- Compiling...
-- Assembling and Linking...
-- Executing...
===========================================================
===========================================================
The exit code is 0.
-- Finished

