valid/variables
--Test: _VarNames.wacc

-- Compiling...
-- Assembling and Linking...
-- Executing...
===========================================================
===========================================================
The exit code is 19.
-- Finished

--Test: boolDeclaration.wacc

-- Compiling...
-- Assembling and Linking...
-- Executing...
===========================================================
===========================================================
The exit code is 0.
-- Finished

--Test: boolDeclaration2.wacc

-- Compiling...
-- Assembling and Linking...
-- Executing...
===========================================================
===========================================================
The exit code is 0.
-- Finished

--Test: capCharDeclaration.wacc

-- Compiling...
-- Assembling and Linking...
-- Executing...
===========================================================
===========================================================
The exit code is 0.
-- Finished

--Test: charDeclaration.wacc

-- Compiling...
-- Assembling and Linking...
-- Executing...
===========================================================
===========================================================
The exit code is 0.
-- Finished

--Test: charDeclaration2.wacc

-- Compiling...
-- Assembling and Linking...
-- Executing...
===========================================================
===========================================================
The exit code is 0.
-- Finished

--Test: emptyStringDeclaration.wacc

-- Compiling...
-- Assembling and Linking...
-- Executing...
===========================================================
===========================================================
The exit code is 0.
-- Finished

--Test: intDeclaration.wacc

-- Compiling...
-- Assembling and Linking...
-- Executing...
===========================================================
===========================================================
The exit code is 0.
-- Finished

--Test: longVarNames.wacc

-- Compiling...
-- Assembling and Linking...
-- Executing...
===========================================================
===========================================================
The exit code is 5.
-- Finished

--Test: manyVariables.wacc

-- Compiling...
-- Assembling and Linking...
-- Executing...
===========================================================
===========================================================
The exit code is 0.
-- Finished

--Test: negIntDeclaration.wacc

-- Compiling...
-- Assembling and Linking...
-- Executing...
===========================================================
===========================================================
The exit code is 0.
-- Finished

--Test: puncCharDeclaration.wacc

-- Compiling...
-- Assembling and Linking...
-- Executing...
===========================================================
===========================================================
The exit code is 0.
-- Finished

--Test: stringDeclaration.wacc

-- Compiling...
-- Assembling and Linking...
-- Executing...
===========================================================
===========================================================
The exit code is 0.
-- Finished

--Test: zeroIntDeclaration.wacc

-- Compiling...
-- Assembling and Linking...
-- Executing...
===========================================================
===========================================================
The exit code is 0.
-- Finished

